<?xml version="1.0" encoding="UTF-8"?>
<<<<<<< HEAD
<testsuite name="edu.odu.cs.cs350.pne.TestHistory" tests="10" skipped="0" failures="0" errors="0" timestamp="2023-04-04T14:01:15" hostname="ganymede" time="0.035">
  <properties/>
  <testcase name="testSetSemester()" classname="edu.odu.cs.cs350.pne.TestHistory" time="0.023"/>
  <testcase name="testGetSemester()" classname="edu.odu.cs.cs350.pne.TestHistory" time="0.001"/>
  <testcase name="testAddSemester()" classname="edu.odu.cs.cs350.pne.TestHistory" time="0.002"/>
  <testcase name="testGetSnapShotDateByIndex()" classname="edu.odu.cs.cs350.pne.TestHistory" time="0.001"/>
  <testcase name="testGetSnapShotDate()" classname="edu.odu.cs.cs350.pne.TestHistory" time="0.001"/>
  <testcase name="testNewHistory()" classname="edu.odu.cs.cs350.pne.TestHistory" time="0.001"/>
  <testcase name="testSetSnapShotDate()" classname="edu.odu.cs.cs350.pne.TestHistory" time="0.0"/>
  <testcase name="testGetSemesterByIndex()" classname="edu.odu.cs.cs350.pne.TestHistory" time="0.0"/>
  <testcase name="testHistoryParamed()" classname="edu.odu.cs.cs350.pne.TestHistory" time="0.0"/>
  <testcase name="testaddSnapShotDate()" classname="edu.odu.cs.cs350.pne.TestHistory" time="0.0"/>
=======
<testsuite name="edu.odu.cs.cs350.pne.TestHistory" tests="10" skipped="0" failures="0" errors="0" timestamp="2023-04-04T14:05:33" hostname="MAGPC" time="0.019">
  <properties/>
  <testcase name="testSetSemester()" classname="edu.odu.cs.cs350.pne.TestHistory" time="0.011"/>
  <testcase name="testGetSemester()" classname="edu.odu.cs.cs350.pne.TestHistory" time="0.001"/>
  <testcase name="testAddSemester()" classname="edu.odu.cs.cs350.pne.TestHistory" time="0.001"/>
  <testcase name="testGetSnapShotDateByIndex()" classname="edu.odu.cs.cs350.pne.TestHistory" time="0.0"/>
  <testcase name="testGetSnapShotDate()" classname="edu.odu.cs.cs350.pne.TestHistory" time="0.0"/>
  <testcase name="testNewHistory()" classname="edu.odu.cs.cs350.pne.TestHistory" time="0.0"/>
  <testcase name="testSetSnapShotDate()" classname="edu.odu.cs.cs350.pne.TestHistory" time="0.001"/>
  <testcase name="testGetSemesterByIndex()" classname="edu.odu.cs.cs350.pne.TestHistory" time="0.0"/>
  <testcase name="testHistoryParamed()" classname="edu.odu.cs.cs350.pne.TestHistory" time="0.0"/>
  <testcase name="testaddSnapShotDate()" classname="edu.odu.cs.cs350.pne.TestHistory" time="0.001"/>
>>>>>>> 47435c835e01a5b2511388131c6a8e2355c65448
  <system-out><![CDATA[]]></system-out>
  <system-err><![CDATA[]]></system-err>
</testsuite>
